Using pre-set license
Built from '2020.3/staging' branch; Version is '2020.3.11f1 (99c7afb366b3) revision 10078127'; Using compiler version '192528614'; Build Type 'Release'
OS: 'Windows 10 Pro; OS build 19042.1237; Version 2009; 64bit' Language: 'tr' Physical Memory: 14243 MB
BatchMode: 1, IsHumanControllingUs: 0, StartBugReporterOnCrash: 0, Is64bit: 1, IsPro: 0

 COMMAND LINE ARGUMENTS:
C:\Program Files\Unity\Hub\Editor\2020.3.11f1\Editor\Unity.exe
-adb2
-batchMode
-noUpm
-name
AssetImportWorker0
-projectPath
C:/Users/fatih/Desktop/MyGameProjets/midPolyDemo
-logFile
Logs/AssetImportWorker0.log
-srvPort
63328
Successfully changed project path to: C:/Users/fatih/Desktop/MyGameProjets/midPolyDemo
C:/Users/fatih/Desktop/MyGameProjets/midPolyDemo
Using Asset Import Pipeline V2.
Refreshing native plugins compatible for Editor in 27.12 ms, found 2 plugins.
Preloading 0 native plugins for Editor in 0.00 ms.
Initialize engine version: 2020.3.11f1 (99c7afb366b3)
[Subsystems] Discovering subsystems at path C:/Program Files/Unity/Hub/Editor/2020.3.11f1/Editor/Data/Resources/UnitySubsystems
[Subsystems] Discovering subsystems at path C:/Users/fatih/Desktop/MyGameProjets/midPolyDemo/Assets
GfxDevice: creating device client; threaded=0
Direct3D:
    Version:  Direct3D 11.0 [level 11.1]
    Renderer: AMD Radeon(TM) Graphics (ID=0x1636)
    Vendor:   
    VRAM:     7121 MB
    Driver:   27.20.22001.14011
Initialize mono
Mono path[0] = 'C:/Program Files/Unity/Hub/Editor/2020.3.11f1/Editor/Data/Managed'
Mono path[1] = 'C:/Program Files/Unity/Hub/Editor/2020.3.11f1/Editor/Data/MonoBleedingEdge/lib/mono/unityjit'
Mono config path = 'C:/Program Files/Unity/Hub/Editor/2020.3.11f1/Editor/Data/MonoBleedingEdge/etc'
Using monoOptions --debugger-agent=transport=dt_socket,embedding=1,server=y,suspend=n,address=127.0.0.1:56500
Begin MonoManager ReloadAssembly
Registering precompiled unity dll's ...
Register platform support module: C:/Program Files/Unity/Hub/Editor/2020.3.11f1/Editor/Data/PlaybackEngines/WebGLSupport/UnityEditor.WebGL.Extensions.dll
Register platform support module: C:/Program Files/Unity/Hub/Editor/2020.3.11f1/Editor/Data/PlaybackEngines/WindowsStandaloneSupport/UnityEditor.WindowsStandalone.Extensions.dll
Registered in 0.002494 seconds.
Native extension for WindowsStandalone target not found
Native extension for WebGL target not found
Refreshing native plugins compatible for Editor in 28.56 ms, found 2 plugins.
Preloading 0 native plugins for Editor in 0.00 ms.
Mono: successfully reloaded assembly
- Completed reload, in  1.791 seconds
Platform modules already initialized, skipping
Registering precompiled user dll's ...
Registered in 0.003698 seconds.
Begin MonoManager ReloadAssembly
Native extension for WindowsStandalone target not found
Native extension for WebGL target not found
Refreshing native plugins compatible for Editor in 0.31 ms, found 2 plugins.
Preloading 0 native plugins for Editor in 0.00 ms.
Mono: successfully reloaded assembly
- Completed reload, in  0.989 seconds
Platform modules already initialized, skipping
========================================================================
Worker process is ready to serve import requests
Launched and connected shader compiler UnityShaderCompiler.exe after 0.04 seconds
Refreshing native plugins compatible for Editor in 0.30 ms, found 2 plugins.
Preloading 0 native plugins for Editor in 0.00 ms.
Unloading 1386 Unused Serialized files (Serialized files now loaded: 0)
System memory in use before: 64.6 MB.
System memory in use after: 64.7 MB.

Unloading 19 unused Assets to reduce memory usage. Loaded Objects now: 1819.
Total: 2.060500 ms (FindLiveObjects: 0.176400 ms CreateObjectMapping: 0.039100 ms MarkObjects: 1.734800 ms  DeleteObjects: 0.108500 ms)

========================================================================
Received Import Request.
  path: Assets/Scenes
  artifactKey: Guid(3aefdd4c181d6a64d88a0f9710933121) Importer(815301076,1909f56bfc062723c751e8b465ee728b)
Start importing Assets/Scenes using Guid(3aefdd4c181d6a64d88a0f9710933121) Importer(815301076,1909f56bfc062723c751e8b465ee728b)  -> (artifact id: 'bc3be988707176aadc499344068efc10') in 0.009619 seconds
  Import took 0.011823 seconds .

========================================================================
Received Import Request.
  Time since last request: 106.580889 seconds.
  path: Assets/_Project/Scenes
  artifactKey: Guid(425ed761ba44c53409517a9c0c9f0812) Importer(815301076,1909f56bfc062723c751e8b465ee728b)
Start importing Assets/_Project/Scenes using Guid(425ed761ba44c53409517a9c0c9f0812) Importer(815301076,1909f56bfc062723c751e8b465ee728b)  -> (artifact id: 'a66dd31280bdd06cc2daf476d6c11e06') in 0.003941 seconds
  Import took 0.006495 seconds .

========================================================================
Received Import Request.
  Time since last request: 0.797794 seconds.
  path: Assets/_Project/Scenes/MainScene.unity
  artifactKey: Guid(6f7086e1eafee499390e7643469a5016) Importer(815301076,1909f56bfc062723c751e8b465ee728b)
Start importing Assets/_Project/Scenes/MainScene.unity using Guid(6f7086e1eafee499390e7643469a5016) Importer(815301076,1909f56bfc062723c751e8b465ee728b)  -> (artifact id: 'b158da884de8de8319d260f70b22e8a0') in 0.017290 seconds
  Import took 0.019565 seconds .

========================================================================
Received Import Request.
  Time since last request: 16.163281 seconds.
  path: Assets/_Project
  artifactKey: Guid(966bc52005535f44296fdf1b5c480584) Importer(815301076,1909f56bfc062723c751e8b465ee728b)
Start importing Assets/_Project using Guid(966bc52005535f44296fdf1b5c480584) Importer(815301076,1909f56bfc062723c751e8b465ee728b)  -> (artifact id: 'd45e33068bc68f57df8875c72c5acd15') in 0.008879 seconds
  Import took 0.011352 seconds .

========================================================================
Received Import Request.
  Time since last request: 5.072209 seconds.
  path: Assets/_Project/NewBehaviourScript.cs
  artifactKey: Guid(a89a07bcf36f3814db9947eb2e5573b2) Importer(815301076,1909f56bfc062723c751e8b465ee728b)
Start importing Assets/_Project/NewBehaviourScript.cs using Guid(a89a07bcf36f3814db9947eb2e5573b2) Importer(815301076,1909f56bfc062723c751e8b465ee728b)  -> (artifact id: 'f16af1d03b76de5e3140e31ef5031c7a') in 0.026806 seconds
  Import took 0.029026 seconds .

========================================================================
Received Prepare
Registering precompiled user dll's ...
Registered in 0.003469 seconds.
Begin MonoManager ReloadAssembly
Native extension for WindowsStandalone target not found
Native extension for WebGL target not found
Refreshing native plugins compatible for Editor in 0.32 ms, found 2 plugins.
Preloading 0 native plugins for Editor in 0.00 ms.
Mono: successfully reloaded assembly
- Completed reload, in  0.856 seconds
Platform modules already initialized, skipping
Refreshing native plugins compatible for Editor in 0.31 ms, found 2 plugins.
Preloading 0 native plugins for Editor in 0.00 ms.
Unloading 1384 Unused Serialized files (Serialized files now loaded: 0)
System memory in use before: 64.9 MB.
System memory in use after: 64.9 MB.

Unloading 16 unused Assets to reduce memory usage. Loaded Objects now: 1823.
Total: 1.810900 ms (FindLiveObjects: 0.177800 ms CreateObjectMapping: 0.032500 ms MarkObjects: 1.513700 ms  DeleteObjects: 0.085700 ms)

========================================================================
Received Prepare
Registering precompiled user dll's ...
Registered in 0.003378 seconds.
Begin MonoManager ReloadAssembly
Native extension for WindowsStandalone target not found
Native extension for WebGL target not found
Refreshing native plugins compatible for Editor in 0.34 ms, found 2 plugins.
Preloading 0 native plugins for Editor in 0.00 ms.
Mono: successfully reloaded assembly
- Completed reload, in  0.920 seconds
Platform modules already initialized, skipping
Refreshing native plugins compatible for Editor in 0.32 ms, found 2 plugins.
Preloading 0 native plugins for Editor in 0.00 ms.
Unloading 1383 Unused Serialized files (Serialized files now loaded: 0)
System memory in use before: 64.9 MB.
System memory in use after: 64.9 MB.

Unloading 17 unused Assets to reduce memory usage. Loaded Objects now: 1825.
Total: 2.198200 ms (FindLiveObjects: 0.237100 ms CreateObjectMapping: 0.055000 ms MarkObjects: 1.807300 ms  DeleteObjects: 0.097500 ms)

========================================================================
Received Import Request.
  Time since last request: 16.220152 seconds.
  path: Assets/_Project/Scripts
  artifactKey: Guid(2fe57dc510a8bcd479a68964fe2ec5e5) Importer(815301076,1909f56bfc062723c751e8b465ee728b)
Start importing Assets/_Project/Scripts using Guid(2fe57dc510a8bcd479a68964fe2ec5e5) Importer(815301076,1909f56bfc062723c751e8b465ee728b)  -> (artifact id: '8210c0770505d70df95a90ae0391984e') in 0.012900 seconds
  Import took 0.015140 seconds .

========================================================================
Received Prepare
Registering precompiled user dll's ...
Registered in 0.004578 seconds.
Begin MonoManager ReloadAssembly
Native extension for WindowsStandalone target not found
Native extension for WebGL target not found
Refreshing native plugins compatible for Editor in 0.35 ms, found 2 plugins.
Preloading 0 native plugins for Editor in 0.00 ms.
Mono: successfully reloaded assembly
- Completed reload, in  0.976 seconds
Platform modules already initialized, skipping
Refreshing native plugins compatible for Editor in 0.31 ms, found 2 plugins.
Preloading 0 native plugins for Editor in 0.00 ms.
Unloading 1383 Unused Serialized files (Serialized files now loaded: 0)
System memory in use before: 64.9 MB.
System memory in use after: 64.9 MB.

Unloading 16 unused Assets to reduce memory usage. Loaded Objects now: 1828.
Total: 2.141300 ms (FindLiveObjects: 0.159600 ms CreateObjectMapping: 0.040500 ms MarkObjects: 1.842500 ms  DeleteObjects: 0.097200 ms)

========================================================================
Received Prepare
Registering precompiled user dll's ...
Registered in 0.003850 seconds.
Begin MonoManager ReloadAssembly
Native extension for WindowsStandalone target not found
Native extension for WebGL target not found
Refreshing native plugins compatible for Editor in 0.37 ms, found 2 plugins.
Preloading 0 native plugins for Editor in 0.00 ms.
Mono: successfully reloaded assembly
- Completed reload, in  0.888 seconds
Platform modules already initialized, skipping
Refreshing native plugins compatible for Editor in 0.36 ms, found 2 plugins.
Preloading 0 native plugins for Editor in 0.00 ms.
Unloading 1389 Unused Serialized files (Serialized files now loaded: 0)
System memory in use before: 65.0 MB.
System memory in use after: 65.1 MB.

Unloading 16 unused Assets to reduce memory usage. Loaded Objects now: 1837.
Total: 2.001300 ms (FindLiveObjects: 0.199600 ms CreateObjectMapping: 0.035000 ms MarkObjects: 1.667300 ms  DeleteObjects: 0.098000 ms)

========================================================================
Received Import Request.
  Time since last request: 93.580441 seconds.
  path: ProjectSettings/TagManager.asset
  artifactKey: Guid(00000000000000003000000000000000) Importer(815301076,1909f56bfc062723c751e8b465ee728b)
Start importing ProjectSettings/TagManager.asset using Guid(00000000000000003000000000000000) Importer(815301076,1909f56bfc062723c751e8b465ee728b)  -> (artifact id: 'ce6a35c3cddc746e7501c0bd0ed6d4ce') in 0.021176 seconds
  Import took 0.023420 seconds .

========================================================================
Received Import Request.
  Time since last request: 344.265436 seconds.
  path: Assets/_Project/Scripts/StopGame.cs
  artifactKey: Guid(7686315dfc7c7ee4381ecea401e31398) Importer(815301076,1909f56bfc062723c751e8b465ee728b)
Start importing Assets/_Project/Scripts/StopGame.cs using Guid(7686315dfc7c7ee4381ecea401e31398) Importer(815301076,1909f56bfc062723c751e8b465ee728b)  -> (artifact id: '42db133985157aa036eb8d483f383d92') in 0.008008 seconds
  Import took 0.010310 seconds .

========================================================================
Received Import Request.
  Time since last request: 0.200898 seconds.
  path: Assets/_Project/Scripts/StopGame.cs
  artifactKey: Guid(7686315dfc7c7ee4381ecea401e31398) Importer(815301076,1909f56bfc062723c751e8b465ee728b)
Start importing Assets/_Project/Scripts/StopGame.cs using Guid(7686315dfc7c7ee4381ecea401e31398) Importer(815301076,1909f56bfc062723c751e8b465ee728b)  -> (artifact id: '42db133985157aa036eb8d483f383d92') in 0.003798 seconds
  Import took 0.006030 seconds .

========================================================================
Received Prepare
Registering precompiled user dll's ...
Registered in 0.003749 seconds.
Begin MonoManager ReloadAssembly
Native extension for WindowsStandalone target not found
Native extension for WebGL target not found
Refreshing native plugins compatible for Editor in 0.38 ms, found 2 plugins.
Preloading 0 native plugins for Editor in 0.00 ms.
Mono: successfully reloaded assembly
- Completed reload, in  1.206 seconds
Platform modules already initialized, skipping
Refreshing native plugins compatible for Editor in 0.34 ms, found 2 plugins.
Preloading 0 native plugins for Editor in 0.00 ms.
Unloading 1389 Unused Serialized files (Serialized files now loaded: 0)
System memory in use before: 65.0 MB.
System memory in use after: 65.1 MB.

Unloading 17 unused Assets to reduce memory usage. Loaded Objects now: 1840.
Total: 3.036800 ms (FindLiveObjects: 0.261000 ms CreateObjectMapping: 0.074700 ms MarkObjects: 2.602900 ms  DeleteObjects: 0.095900 ms)

========================================================================
Received Prepare
Registering precompiled user dll's ...
Registered in 0.003360 seconds.
Begin MonoManager ReloadAssembly
Native extension for WindowsStandalone target not found
Native extension for WebGL target not found
Refreshing native plugins compatible for Editor in 0.35 ms, found 2 plugins.
Preloading 0 native plugins for Editor in 0.00 ms.
Mono: successfully reloaded assembly
- Completed reload, in  0.882 seconds
Platform modules already initialized, skipping
Refreshing native plugins compatible for Editor in 0.32 ms, found 2 plugins.
Preloading 0 native plugins for Editor in 0.00 ms.
Unloading 1389 Unused Serialized files (Serialized files now loaded: 0)
System memory in use before: 65.0 MB.
System memory in use after: 65.1 MB.

Unloading 16 unused Assets to reduce memory usage. Loaded Objects now: 1843.
Total: 1.862200 ms (FindLiveObjects: 0.159400 ms CreateObjectMapping: 0.031300 ms MarkObjects: 1.582000 ms  DeleteObjects: 0.088300 ms)

========================================================================
Received Import Request.
  Time since last request: 150.335446 seconds.
  path: Assets/_Project/Scripts/Move.cs
  artifactKey: Guid(ce0e7c29e402a814ba260fee3fc63318) Importer(815301076,1909f56bfc062723c751e8b465ee728b)
Start importing Assets/_Project/Scripts/Move.cs using Guid(ce0e7c29e402a814ba260fee3fc63318) Importer(815301076,1909f56bfc062723c751e8b465ee728b)  -> (artifact id: 'cd2b2fb8277e8967dfda53ec8521ef75') in 0.010788 seconds
  Import took 0.013211 seconds .

========================================================================
Received Import Request.
  Time since last request: 0.002078 seconds.
  path: Assets/_Project/Scripts/Move.cs
  artifactKey: Guid(ce0e7c29e402a814ba260fee3fc63318) Importer(815301076,1909f56bfc062723c751e8b465ee728b)
Start importing Assets/_Project/Scripts/Move.cs using Guid(ce0e7c29e402a814ba260fee3fc63318) Importer(815301076,1909f56bfc062723c751e8b465ee728b)  -> (artifact id: 'cd2b2fb8277e8967dfda53ec8521ef75') in 0.004334 seconds
  Import took 0.006575 seconds .

========================================================================
Received Import Request.
  Time since last request: 98.218674 seconds.
  path: Assets/_Project/Scripts/FollowLine.cs
  artifactKey: Guid(f0bee7022150e3542872bd5b12d3994c) Importer(815301076,1909f56bfc062723c751e8b465ee728b)
Start importing Assets/_Project/Scripts/FollowLine.cs using Guid(f0bee7022150e3542872bd5b12d3994c) Importer(815301076,1909f56bfc062723c751e8b465ee728b)  -> (artifact id: 'f6011a032f73c380e5616698e29cf599') in 0.009152 seconds
  Import took 0.011518 seconds .

========================================================================
Received Import Request.
  Time since last request: 0.001681 seconds.
  path: Assets/_Project/Scripts/FollowLine.cs
  artifactKey: Guid(f0bee7022150e3542872bd5b12d3994c) Importer(815301076,1909f56bfc062723c751e8b465ee728b)
Start importing Assets/_Project/Scripts/FollowLine.cs using Guid(f0bee7022150e3542872bd5b12d3994c) Importer(815301076,1909f56bfc062723c751e8b465ee728b)  -> (artifact id: 'f6011a032f73c380e5616698e29cf599') in 0.004137 seconds
  Import took 0.006682 seconds .

========================================================================
Received Import Request.
  Time since last request: 0.389038 seconds.
  path: Assets/_Project/Scripts/DrawLines.cs
  artifactKey: Guid(d356613e182ac1c49b338d43ec0d3130) Importer(815301076,1909f56bfc062723c751e8b465ee728b)
Start importing Assets/_Project/Scripts/DrawLines.cs using Guid(d356613e182ac1c49b338d43ec0d3130) Importer(815301076,1909f56bfc062723c751e8b465ee728b)  -> (artifact id: 'ef4c64274c392ec9cfb54ae32d0ec0b6') in 0.009803 seconds
  Import took 0.012341 seconds .

========================================================================
Received Import Request.
  Time since last request: 0.003150 seconds.
  path: Assets/_Project/Scripts/DrawLines.cs
  artifactKey: Guid(d356613e182ac1c49b338d43ec0d3130) Importer(815301076,1909f56bfc062723c751e8b465ee728b)
Start importing Assets/_Project/Scripts/DrawLines.cs using Guid(d356613e182ac1c49b338d43ec0d3130) Importer(815301076,1909f56bfc062723c751e8b465ee728b)  -> (artifact id: 'ef4c64274c392ec9cfb54ae32d0ec0b6') in 0.004542 seconds
  Import took 0.007079 seconds .

========================================================================
Received Import Request.
  Time since last request: 0.554412 seconds.
  path: Assets/_Project/Scripts/Cleaner.cs
  artifactKey: Guid(db4ccf383851f124190060b9a32f6936) Importer(815301076,1909f56bfc062723c751e8b465ee728b)
Start importing Assets/_Project/Scripts/Cleaner.cs using Guid(db4ccf383851f124190060b9a32f6936) Importer(815301076,1909f56bfc062723c751e8b465ee728b)  -> (artifact id: 'ba3e6dacae808c75e7c499909a80b93b') in 0.011076 seconds
  Import took 0.014168 seconds .

========================================================================
Received Import Request.
  Time since last request: 176.409290 seconds.
  path: Assets/JMO Assets/Cartoon FX/Materials/Water/CFX_Ripple_AddSoft.mat
  artifactKey: Guid(aae5c8d1fd84746428a2239fd95e4b98) Importer(815301076,1909f56bfc062723c751e8b465ee728b)
Start importing Assets/JMO Assets/Cartoon FX/Materials/Water/CFX_Ripple_AddSoft.mat using Guid(aae5c8d1fd84746428a2239fd95e4b98) Importer(815301076,1909f56bfc062723c751e8b465ee728b)  -> (artifact id: 'f0d74124d041f2f0665934506159fc7c') in 0.103985 seconds
  Import took 0.106749 seconds .

========================================================================
Received Prepare
Registering precompiled user dll's ...
Registered in 0.004067 seconds.
Begin MonoManager ReloadAssembly
Native extension for WindowsStandalone target not found
Native extension for WebGL target not found
Refreshing native plugins compatible for Editor in 0.38 ms, found 2 plugins.
Preloading 0 native plugins for Editor in 0.00 ms.
Mono: successfully reloaded assembly
- Completed reload, in  0.985 seconds
Platform modules already initialized, skipping
Refreshing native plugins compatible for Editor in 0.31 ms, found 2 plugins.
Preloading 0 native plugins for Editor in 0.00 ms.
Unloading 1389 Unused Serialized files (Serialized files now loaded: 0)
System memory in use before: 68.4 MB.
System memory in use after: 68.4 MB.

Unloading 16 unused Assets to reduce memory usage. Loaded Objects now: 1887.
Total: 2.118000 ms (FindLiveObjects: 0.191200 ms CreateObjectMapping: 0.033900 ms MarkObjects: 1.796800 ms  DeleteObjects: 0.094400 ms)

========================================================================
Received Prepare
Registering precompiled user dll's ...
Registered in 0.003208 seconds.
Begin MonoManager ReloadAssembly
Native extension for WindowsStandalone target not found
Native extension for WebGL target not found
Refreshing native plugins compatible for Editor in 0.35 ms, found 2 plugins.
Preloading 0 native plugins for Editor in 0.00 ms.
Mono: successfully reloaded assembly
- Completed reload, in  0.949 seconds
Platform modules already initialized, skipping
Refreshing native plugins compatible for Editor in 0.36 ms, found 2 plugins.
Preloading 0 native plugins for Editor in 0.00 ms.
Unloading 1389 Unused Serialized files (Serialized files now loaded: 0)
System memory in use before: 68.4 MB.
System memory in use after: 68.4 MB.

Unloading 16 unused Assets to reduce memory usage. Loaded Objects now: 1890.
Total: 2.106800 ms (FindLiveObjects: 0.206100 ms CreateObjectMapping: 0.038700 ms MarkObjects: 1.769000 ms  DeleteObjects: 0.091400 ms)

========================================================================
Received Prepare
Registering precompiled user dll's ...
Registered in 0.003216 seconds.
Begin MonoManager ReloadAssembly
Native extension for WindowsStandalone target not found
Native extension for WebGL target not found
Refreshing native plugins compatible for Editor in 0.33 ms, found 2 plugins.
Preloading 0 native plugins for Editor in 0.00 ms.
Mono: successfully reloaded assembly
- Completed reload, in  0.920 seconds
Platform modules already initialized, skipping
Refreshing native plugins compatible for Editor in 0.33 ms, found 2 plugins.
Preloading 0 native plugins for Editor in 0.00 ms.
Unloading 1389 Unused Serialized files (Serialized files now loaded: 0)
System memory in use before: 68.4 MB.
System memory in use after: 68.4 MB.

Unloading 16 unused Assets to reduce memory usage. Loaded Objects now: 1893.
Total: 1.986800 ms (FindLiveObjects: 0.170800 ms CreateObjectMapping: 0.031800 ms MarkObjects: 1.690200 ms  DeleteObjects: 0.092800 ms)

========================================================================
Received Prepare
Registering precompiled user dll's ...
Registered in 0.003245 seconds.
Begin MonoManager ReloadAssembly
Native extension for WindowsStandalone target not found
Native extension for WebGL target not found
Refreshing native plugins compatible for Editor in 0.47 ms, found 2 plugins.
Preloading 0 native plugins for Editor in 0.00 ms.
Mono: successfully reloaded assembly
- Completed reload, in  0.979 seconds
Platform modules already initialized, skipping
Refreshing native plugins compatible for Editor in 0.31 ms, found 2 plugins.
Preloading 0 native plugins for Editor in 0.00 ms.
Unloading 1389 Unused Serialized files (Serialized files now loaded: 0)
System memory in use before: 68.4 MB.
System memory in use after: 68.5 MB.

Unloading 16 unused Assets to reduce memory usage. Loaded Objects now: 1896.
Total: 3.009200 ms (FindLiveObjects: 0.205700 ms CreateObjectMapping: 0.033900 ms MarkObjects: 2.622300 ms  DeleteObjects: 0.146100 ms)

========================================================================
Received Prepare
Registering precompiled user dll's ...
Registered in 0.003208 seconds.
Begin MonoManager ReloadAssembly
Native extension for WindowsStandalone target not found
Native extension for WebGL target not found
Refreshing native plugins compatible for Editor in 0.34 ms, found 2 plugins.
Preloading 0 native plugins for Editor in 0.00 ms.
Mono: successfully reloaded assembly
- Completed reload, in  0.915 seconds
Platform modules already initialized, skipping
Refreshing native plugins compatible for Editor in 0.31 ms, found 2 plugins.
Preloading 0 native plugins for Editor in 0.00 ms.
Unloading 1389 Unused Serialized files (Serialized files now loaded: 0)
System memory in use before: 68.4 MB.
System memory in use after: 68.5 MB.

Unloading 16 unused Assets to reduce memory usage. Loaded Objects now: 1899.
Total: 1.813600 ms (FindLiveObjects: 0.221000 ms CreateObjectMapping: 0.033400 ms MarkObjects: 1.472600 ms  DeleteObjects: 0.085300 ms)

========================================================================
Received Prepare
Registering precompiled user dll's ...
Registered in 0.004059 seconds.
Begin MonoManager ReloadAssembly
Native extension for WindowsStandalone target not found
Native extension for WebGL target not found
Refreshing native plugins compatible for Editor in 0.32 ms, found 2 plugins.
Preloading 0 native plugins for Editor in 0.00 ms.
Mono: successfully reloaded assembly
- Completed reload, in  0.890 seconds
Platform modules already initialized, skipping
Refreshing native plugins compatible for Editor in 0.31 ms, found 2 plugins.
Preloading 0 native plugins for Editor in 0.00 ms.
Unloading 1389 Unused Serialized files (Serialized files now loaded: 0)
System memory in use before: 68.4 MB.
System memory in use after: 68.5 MB.

Unloading 16 unused Assets to reduce memory usage. Loaded Objects now: 1902.
Total: 2.023700 ms (FindLiveObjects: 0.183600 ms CreateObjectMapping: 0.031600 ms MarkObjects: 1.723500 ms  DeleteObjects: 0.083900 ms)

========================================================================
Received Import Request.
  Time since last request: 637.391699 seconds.
  path: Assets/JMO Assets/Cartoon FX
  artifactKey: Guid(cb3e805b53865db448d0c57f6f8bcde9) Importer(815301076,1909f56bfc062723c751e8b465ee728b)
Start importing Assets/JMO Assets/Cartoon FX using Guid(cb3e805b53865db448d0c57f6f8bcde9) Importer(815301076,1909f56bfc062723c751e8b465ee728b)  -> (artifact id: 'eeefa247444cb8a55baf6a6aaee62036') in 0.011778 seconds
  Import took 0.014143 seconds .

========================================================================
Received Import Request.
  Time since last request: 0.540556 seconds.
  path: Assets/JMO Assets/Cartoon FX/Materials
  artifactKey: Guid(b466e27e4a72f144a81faf66586e0281) Importer(815301076,1909f56bfc062723c751e8b465ee728b)
Start importing Assets/JMO Assets/Cartoon FX/Materials using Guid(b466e27e4a72f144a81faf66586e0281) Importer(815301076,1909f56bfc062723c751e8b465ee728b)  -> (artifact id: '30f06024d1c33403e4dad2c4002a9294') in 0.010399 seconds
  Import took 0.012824 seconds .

========================================================================
Received Import Request.
  Time since last request: 0.781028 seconds.
  path: Assets/JMO Assets/Cartoon FX/Materials/Animated
  artifactKey: Guid(eca39228446064649bdcc43279de2135) Importer(815301076,1909f56bfc062723c751e8b465ee728b)
Start importing Assets/JMO Assets/Cartoon FX/Materials/Animated using Guid(eca39228446064649bdcc43279de2135) Importer(815301076,1909f56bfc062723c751e8b465ee728b)  -> (artifact id: 'ea6fd9af5ce7cdf00643c5a301d419a0') in 0.010077 seconds
  Import took 0.012482 seconds .

========================================================================
Received Import Request.
  Time since last request: 0.613955 seconds.
  path: Assets/JMO Assets/Cartoon FX/Materials/Fire
  artifactKey: Guid(dc3facd621be71f49bbcba477dce1bd8) Importer(815301076,1909f56bfc062723c751e8b465ee728b)
Start importing Assets/JMO Assets/Cartoon FX/Materials/Fire using Guid(dc3facd621be71f49bbcba477dce1bd8) Importer(815301076,1909f56bfc062723c751e8b465ee728b)  -> (artifact id: '3dee62f693197639fbe6b690ce5fd789') in 0.009419 seconds
  Import took 0.011792 seconds .

========================================================================
Received Import Request.
  Time since last request: 0.047676 seconds.
  path: Assets/JMO Assets/Cartoon FX/Materials/Fire/CFX3_FireBulk ADD.mat
  artifactKey: Guid(67c3db2f0d5b4aa4eaa1d7aec0699d15) Importer(815301076,1909f56bfc062723c751e8b465ee728b)
Start importing Assets/JMO Assets/Cartoon FX/Materials/Fire/CFX3_FireBulk ADD.mat using Guid(67c3db2f0d5b4aa4eaa1d7aec0699d15) Importer(815301076,1909f56bfc062723c751e8b465ee728b)  -> (artifact id: '37549c5755773243854a5b5f6ff1e104') in 0.055888 seconds
  Import took 0.058252 seconds .

========================================================================
Received Import Request.
  Time since last request: 0.000186 seconds.
  path: Assets/JMO Assets/Cartoon FX/Materials/Fire/CFX3_FireSparkle ADD.mat
  artifactKey: Guid(c9386fd37103dcb479f09e942849a1ce) Importer(815301076,1909f56bfc062723c751e8b465ee728b)
Start importing Assets/JMO Assets/Cartoon FX/Materials/Fire/CFX3_FireSparkle ADD.mat using Guid(c9386fd37103dcb479f09e942849a1ce) Importer(815301076,1909f56bfc062723c751e8b465ee728b)  -> (artifact id: '0a403a4ab1476f235e76f0c7f18300aa') in 0.017862 seconds
  Import took 0.020992 seconds .

========================================================================
Received Import Request.
  Time since last request: 0.778598 seconds.
  path: Assets/JMO Assets/Cartoon FX/Textures/CFX3_T_FireBulk.png
  artifactKey: Guid(e6d1dbabd3135d546b6c48db6a6879f3) Importer(815301076,1909f56bfc062723c751e8b465ee728b)
Start importing Assets/JMO Assets/Cartoon FX/Textures/CFX3_T_FireBulk.png using Guid(e6d1dbabd3135d546b6c48db6a6879f3) Importer(815301076,1909f56bfc062723c751e8b465ee728b)  -> (artifact id: '2ebbb5c3b062c31be21976f386860bb7') in 0.062025 seconds
  Import took 0.064449 seconds .

========================================================================
Received Import Request.
  Time since last request: 6.174126 seconds.
  path: Assets/JMO Assets/Cartoon FX/Materials/Light/CFX3_GlowDot ADDSOFT.mat
  artifactKey: Guid(b692d0ba979c41946bbe57f2baba17eb) Importer(815301076,1909f56bfc062723c751e8b465ee728b)
Start importing Assets/JMO Assets/Cartoon FX/Materials/Light/CFX3_GlowDot ADDSOFT.mat using Guid(b692d0ba979c41946bbe57f2baba17eb) Importer(815301076,1909f56bfc062723c751e8b465ee728b)  -> (artifact id: 'dc32b824b07b410d8cb5f358784dc53f') in 0.013267 seconds
  Import took 0.015602 seconds .

========================================================================
Received Import Request.
  Time since last request: 0.000210 seconds.
  path: Assets/JMO Assets/Cartoon FX/Materials/Light/CFX3_HollowCircle ADD.mat
  artifactKey: Guid(0438adcdefc12d349a285d0ec6295fc2) Importer(815301076,1909f56bfc062723c751e8b465ee728b)
Start importing Assets/JMO Assets/Cartoon FX/Materials/Light/CFX3_HollowCircle ADD.mat using Guid(0438adcdefc12d349a285d0ec6295fc2) Importer(815301076,1909f56bfc062723c751e8b465ee728b)  -> (artifact id: 'bdeb0b95710dcffb82fd2f13d62836aa') in 0.017459 seconds
  Import took 0.020147 seconds .

========================================================================
Received Import Request.
  Time since last request: 1.102276 seconds.
  path: Assets/JMO Assets/Cartoon FX/Materials/Stretched/CFX_SpacedLine.mat
  artifactKey: Guid(7df81ca1ef2a4ef40a7c08d1e1d04a50) Importer(815301076,1909f56bfc062723c751e8b465ee728b)
Start importing Assets/JMO Assets/Cartoon FX/Materials/Stretched/CFX_SpacedLine.mat using Guid(7df81ca1ef2a4ef40a7c08d1e1d04a50) Importer(815301076,1909f56bfc062723c751e8b465ee728b)  -> (artifact id: 'c8fcc0050c5b325b5356bc1742cd8ffa') in 0.017308 seconds
  Import took 0.020037 seconds .

========================================================================
Received Import Request.
  Time since last request: 0.324329 seconds.
  path: Assets/JMO Assets/Cartoon FX/Materials/Misc/CFX2_Glow.mat
  artifactKey: Guid(b479681f08574fd4188237f92866cbac) Importer(815301076,1909f56bfc062723c751e8b465ee728b)
Start importing Assets/JMO Assets/Cartoon FX/Materials/Misc/CFX2_Glow.mat using Guid(b479681f08574fd4188237f92866cbac) Importer(815301076,1909f56bfc062723c751e8b465ee728b)  -> (artifact id: '6b89a2744327373f5a170c46badacb2f') in 0.014674 seconds
  Import took 0.017142 seconds .

========================================================================
Received Import Request.
  Time since last request: 0.000222 seconds.
  path: Assets/JMO Assets/Cartoon FX/Materials/Misc/CFX3_SmokePuff MULT.mat
  artifactKey: Guid(25cbaca39ac0e3f47b4db172e11cb9aa) Importer(815301076,1909f56bfc062723c751e8b465ee728b)
Start importing Assets/JMO Assets/Cartoon FX/Materials/Misc/CFX3_SmokePuff MULT.mat using Guid(25cbaca39ac0e3f47b4db172e11cb9aa) Importer(815301076,1909f56bfc062723c751e8b465ee728b)  -> (artifact id: '889817680b494e1df3ae2a381c8c643a') in 0.019713 seconds
  Import took 0.022431 seconds .

========================================================================
Received Import Request.
  Time since last request: 1.389345 seconds.
  path: Assets/JMO Assets/Cartoon FX/Materials/Animated/CFX_Anim_Triangle_AddSoft.mat
  artifactKey: Guid(944bc1016f6ac38439ec1bf04fab9550) Importer(815301076,1909f56bfc062723c751e8b465ee728b)
Start importing Assets/JMO Assets/Cartoon FX/Materials/Animated/CFX_Anim_Triangle_AddSoft.mat using Guid(944bc1016f6ac38439ec1bf04fab9550) Importer(815301076,1909f56bfc062723c751e8b465ee728b)  -> (artifact id: 'c0237dbb4660c957ec26a884bba302c2') in 0.013154 seconds
  Import took 0.015519 seconds .

========================================================================
Received Import Request.
  Time since last request: 1.327296 seconds.
  path: Assets/JMO Assets/Cartoon FX/Textures/CFX2_T_Glow.png
  artifactKey: Guid(e387f662afce60c4cbf4689043469d34) Importer(815301076,1909f56bfc062723c751e8b465ee728b)
Start importing Assets/JMO Assets/Cartoon FX/Textures/CFX2_T_Glow.png using Guid(e387f662afce60c4cbf4689043469d34) Importer(815301076,1909f56bfc062723c751e8b465ee728b)  -> (artifact id: '772cd446dbbe01a58d11b344189e3d0d') in 0.012055 seconds
  Import took 0.014596 seconds .

========================================================================
Received Import Request.
  Time since last request: 0.000197 seconds.
  path: Assets/JMO Assets/Cartoon FX/Textures/CFX3_T_GlowDot.png
  artifactKey: Guid(3deb8633c6b720d42aab1c61a340a3af) Importer(815301076,1909f56bfc062723c751e8b465ee728b)
Start importing Assets/JMO Assets/Cartoon FX/Textures/CFX3_T_GlowDot.png using Guid(3deb8633c6b720d42aab1c61a340a3af) Importer(815301076,1909f56bfc062723c751e8b465ee728b)  -> (artifact id: '190f17c09e19ac4a879e59895431c27c') in 0.012122 seconds
  Import took 0.014691 seconds .

========================================================================
Received Import Request.
  Time since last request: 0.000253 seconds.
  path: Assets/JMO Assets/Cartoon FX/Textures/CFX3_T_FireSparkle.png
  artifactKey: Guid(52c1a422bfc04b543adc653b160af1e6) Importer(815301076,1909f56bfc062723c751e8b465ee728b)
Start importing Assets/JMO Assets/Cartoon FX/Textures/CFX3_T_FireSparkle.png using Guid(52c1a422bfc04b543adc653b160af1e6) Importer(815301076,1909f56bfc062723c751e8b465ee728b)  -> (artifact id: '96bc0704175b6c220440c11eed5f35ed') in 0.015976 seconds
  Import took 0.018568 seconds .

========================================================================
Received Import Request.
  Time since last request: 0.000259 seconds.
  path: Assets/JMO Assets/Cartoon FX/Textures/CFX3_T_HollowCircle.png
  artifactKey: Guid(c3fcf89fb2ad67b4cbfbebbe0e2edd3d) Importer(815301076,1909f56bfc062723c751e8b465ee728b)
Start importing Assets/JMO Assets/Cartoon FX/Textures/CFX3_T_HollowCircle.png using Guid(c3fcf89fb2ad67b4cbfbebbe0e2edd3d) Importer(815301076,1909f56bfc062723c751e8b465ee728b)  -> (artifact id: '05f16d8d5977abea0eb5fb81830ee461') in 0.014251 seconds
  Import took 0.018181 seconds .

========================================================================
Received Import Request.
  Time since last request: 0.000218 seconds.
  path: Assets/JMO Assets/Cartoon FX/Textures/CFX_T_SpacedLine.png
  artifactKey: Guid(31ea030e6226b8241a5cfea71dc780f1) Importer(815301076,1909f56bfc062723c751e8b465ee728b)
Start importing Assets/JMO Assets/Cartoon FX/Textures/CFX_T_SpacedLine.png using Guid(31ea030e6226b8241a5cfea71dc780f1) Importer(815301076,1909f56bfc062723c751e8b465ee728b)  -> (artifact id: '30333b64605ab79eb348a753622776e2') in 0.014987 seconds
  Import took 0.017823 seconds .

========================================================================
Received Import Request.
  Time since last request: 0.000186 seconds.
  path: Assets/JMO Assets/Cartoon FX/Textures/CFX_T_Ripple.png
  artifactKey: Guid(8ac4371e521dca847a52403df09e80d7) Importer(815301076,1909f56bfc062723c751e8b465ee728b)
Start importing Assets/JMO Assets/Cartoon FX/Textures/CFX_T_Ripple.png using Guid(8ac4371e521dca847a52403df09e80d7) Importer(815301076,1909f56bfc062723c751e8b465ee728b)  -> (artifact id: '1b3735c93c8c906b645fb5b1370659f3') in 0.015190 seconds
  Import took 0.017540 seconds .

========================================================================
Received Import Request.
  Time since last request: 0.000342 seconds.
  path: Assets/JMO Assets/Cartoon FX/Textures/CFX3_T_SmokePuff.png
  artifactKey: Guid(aff991a95cb92204fa62dffc7e7b6ead) Importer(815301076,1909f56bfc062723c751e8b465ee728b)
Start importing Assets/JMO Assets/Cartoon FX/Textures/CFX3_T_SmokePuff.png using Guid(aff991a95cb92204fa62dffc7e7b6ead) Importer(815301076,1909f56bfc062723c751e8b465ee728b)  -> (artifact id: '571674b5a0bbd25f530e3774189e742f') in 0.014522 seconds
  Import took 0.017210 seconds .

========================================================================
Received Import Request.
  Time since last request: 0.000198 seconds.
  path: Assets/JMO Assets/Cartoon FX/Textures/CFX_T_Anim4_Triangle1.png
  artifactKey: Guid(457b1e2e96148da47ac7049226511eff) Importer(815301076,1909f56bfc062723c751e8b465ee728b)
Start importing Assets/JMO Assets/Cartoon FX/Textures/CFX_T_Anim4_Triangle1.png using Guid(457b1e2e96148da47ac7049226511eff) Importer(815301076,1909f56bfc062723c751e8b465ee728b)  -> (artifact id: 'ae3a8406daee59466c830274f3b91ad3') in 0.016331 seconds
  Import took 0.019088 seconds .

========================================================================
Received Prepare
Registering precompiled user dll's ...
Registered in 0.003410 seconds.
Begin MonoManager ReloadAssembly
Native extension for WindowsStandalone target not found
Native extension for WebGL target not found
Refreshing native plugins compatible for Editor in 0.37 ms, found 2 plugins.
Preloading 0 native plugins for Editor in 0.00 ms.
Mono: successfully reloaded assembly
- Completed reload, in  0.909 seconds
Platform modules already initialized, skipping
Refreshing native plugins compatible for Editor in 0.47 ms, found 2 plugins.
Preloading 0 native plugins for Editor in 0.00 ms.
Unloading 1389 Unused Serialized files (Serialized files now loaded: 0)
System memory in use before: 68.6 MB.
System memory in use after: 68.7 MB.

Unloading 14 unused Assets to reduce memory usage. Loaded Objects now: 1916.
Total: 2.141100 ms (FindLiveObjects: 0.171300 ms CreateObjectMapping: 0.034800 ms MarkObjects: 1.874500 ms  DeleteObjects: 0.058700 ms)

========================================================================
Received Import Request.
  Time since last request: 232.865577 seconds.
  path: Assets/_Project/Scripts/GameManager.cs
  artifactKey: Guid(0779b06a6982796499a07b81fabd17b8) Importer(815301076,1909f56bfc062723c751e8b465ee728b)
Start importing Assets/_Project/Scripts/GameManager.cs using Guid(0779b06a6982796499a07b81fabd17b8) Importer(815301076,1909f56bfc062723c751e8b465ee728b)  -> (artifact id: 'd642d025554836cc8e7f0d35b6baa98f') in 0.009834 seconds
  Import took 0.012308 seconds .

========================================================================
Received Import Request.
  Time since last request: 0.002120 seconds.
  path: Assets/_Project/Scripts/GameManager.cs
  artifactKey: Guid(0779b06a6982796499a07b81fabd17b8) Importer(815301076,1909f56bfc062723c751e8b465ee728b)
Start importing Assets/_Project/Scripts/GameManager.cs using Guid(0779b06a6982796499a07b81fabd17b8) Importer(815301076,1909f56bfc062723c751e8b465ee728b)  -> (artifact id: 'd642d025554836cc8e7f0d35b6baa98f') in 0.003309 seconds
  Import took 0.005551 seconds .

========================================================================
Received Prepare
Registering precompiled user dll's ...
Registered in 0.218903 seconds.
Begin MonoManager ReloadAssembly
Native extension for WindowsStandalone target not found
Native extension for WebGL target not found
Refreshing native plugins compatible for Editor in 0.32 ms, found 2 plugins.
Preloading 0 native plugins for Editor in 0.00 ms.
Mono: successfully reloaded assembly
- Completed reload, in  0.951 seconds
Platform modules already initialized, skipping
Refreshing native plugins compatible for Editor in 0.33 ms, found 2 plugins.
Preloading 0 native plugins for Editor in 0.00 ms.
Unloading 1387 Unused Serialized files (Serialized files now loaded: 0)
System memory in use before: 68.4 MB.
System memory in use after: 68.5 MB.

Unloading 14 unused Assets to reduce memory usage. Loaded Objects now: 1919.
Total: 2.265700 ms (FindLiveObjects: 0.192400 ms CreateObjectMapping: 0.038500 ms MarkObjects: 1.962500 ms  DeleteObjects: 0.070900 ms)

========================================================================
Received Import Request.
  Time since last request: 22972.325157 seconds.
  path: Assets/SimpleInteriorsHouses/Models/Prop_Tv_03.fbx
  artifactKey: Guid(f1e6c73e7e45ae446b9c59251bc3747b) Importer(815301076,1909f56bfc062723c751e8b465ee728b)
Start importing Assets/SimpleInteriorsHouses/Models/Prop_Tv_03.fbx using Guid(f1e6c73e7e45ae446b9c59251bc3747b) Importer(815301076,1909f56bfc062723c751e8b465ee728b)  -> (artifact id: 'ea55baa5ec57b6a52d62df2d026b6754') in 0.105553 seconds
  Import took 0.107980 seconds .

========================================================================
Received Import Request.
  Time since last request: 0.020515 seconds.
  path: Assets/SimpleInteriorsHouses/Models/Door_02.fbx
  artifactKey: Guid(a59a73e9d2658b34884a28271d139c81) Importer(815301076,1909f56bfc062723c751e8b465ee728b)
Start importing Assets/SimpleInteriorsHouses/Models/Door_02.fbx using Guid(a59a73e9d2658b34884a28271d139c81) Importer(815301076,1909f56bfc062723c751e8b465ee728b)  -> (artifact id: 'a35663ac49b9a9080e984556c657be1b') in 0.017317 seconds
  Import took 0.019627 seconds .

========================================================================
Received Import Request.
  Time since last request: 0.007544 seconds.
  path: Assets/SimpleInteriorsHouses/Models/Prop_Small_Table_04.fbx
  artifactKey: Guid(011dc283a7c1d6f4191a494d8a891060) Importer(815301076,1909f56bfc062723c751e8b465ee728b)
Start importing Assets/SimpleInteriorsHouses/Models/Prop_Small_Table_04.fbx using Guid(011dc283a7c1d6f4191a494d8a891060) Importer(815301076,1909f56bfc062723c751e8b465ee728b)  -> (artifact id: '8b296624d1de78f851b05ae6bff6bf55') in 0.016724 seconds
  Import took 0.019102 seconds .

========================================================================
Received Import Request.
  Time since last request: 0.007313 seconds.
  path: Assets/SimpleInteriorsHouses/Models/Prop_Bunny_Ear.fbx
  artifactKey: Guid(7d2b09c739da8414ea52ad6d6f51b908) Importer(815301076,1909f56bfc062723c751e8b465ee728b)
Start importing Assets/SimpleInteriorsHouses/Models/Prop_Bunny_Ear.fbx using Guid(7d2b09c739da8414ea52ad6d6f51b908) Importer(815301076,1909f56bfc062723c751e8b465ee728b)  -> (artifact id: '5082b2b42984d1f2df91c00364a2e911') in 0.015192 seconds
  Import took 0.017452 seconds .

========================================================================
Received Import Request.
  Time since last request: 0.006657 seconds.
  path: Assets/SimpleInteriorsHouses/Models/Wall_Door_01_Yellow.fbx
  artifactKey: Guid(56ef55fe544175448906f84d2968c5b2) Importer(815301076,1909f56bfc062723c751e8b465ee728b)
Start importing Assets/SimpleInteriorsHouses/Models/Wall_Door_01_Yellow.fbx using Guid(56ef55fe544175448906f84d2968c5b2) Importer(815301076,1909f56bfc062723c751e8b465ee728b)  -> (artifact id: 'b9d8353b669e0ad577258f8086666b14') in 0.016324 seconds
  Import took 0.018576 seconds .

========================================================================
Received Import Request.
  Time since last request: 0.004539 seconds.
  path: Assets/_Project/Models/_Materials
  artifactKey: Guid(ee49a2eccdeea0949891d88e58a2d3af) Importer(815301076,1909f56bfc062723c751e8b465ee728b)
Start importing Assets/_Project/Models/_Materials using Guid(ee49a2eccdeea0949891d88e58a2d3af) Importer(815301076,1909f56bfc062723c751e8b465ee728b)  -> (artifact id: '4d4cfb184162262bf803eca7ebcc7ab2') in 0.006364 seconds
  Import took 0.008618 seconds .

========================================================================
Received Import Request.
  Time since last request: 0.013761 seconds.
  path: Assets/JMO Assets/Cartoon FX/Textures
  artifactKey: Guid(428bce3fe348ab44a9dd01a99e8fc4a2) Importer(815301076,1909f56bfc062723c751e8b465ee728b)
Start importing Assets/JMO Assets/Cartoon FX/Textures using Guid(428bce3fe348ab44a9dd01a99e8fc4a2) Importer(815301076,1909f56bfc062723c751e8b465ee728b)  -> (artifact id: '7d076e93842552a01200dbaa59b2e065') in 0.006242 seconds
  Import took 0.008550 seconds .

========================================================================
Received Import Request.
  Time since last request: 0.043386 seconds.
  path: Assets/JMO Assets/Cartoon FX/Shaders/CFXM_MobileParticleAdd_Alpha8.shader
  artifactKey: Guid(bccaaca1f83315c4aad8d95e28fd9149) Importer(815301076,1909f56bfc062723c751e8b465ee728b)
Start importing Assets/JMO Assets/Cartoon FX/Shaders/CFXM_MobileParticleAdd_Alpha8.shader using Guid(bccaaca1f83315c4aad8d95e28fd9149) Importer(815301076,1909f56bfc062723c751e8b465ee728b)  -> (artifact id: '81fb4e0a44917769d2fe7738e53d7324') in 0.008452 seconds
  Import took 0.010977 seconds .

========================================================================
Received Import Request.
  Time since last request: 0.006655 seconds.
  path: Assets/SimpleInteriorsHouses/Models/Prop_Draw_02.fbx
  artifactKey: Guid(d9b64f4c34b5f2849856915b0d8a1674) Importer(815301076,1909f56bfc062723c751e8b465ee728b)
Start importing Assets/SimpleInteriorsHouses/Models/Prop_Draw_02.fbx using Guid(d9b64f4c34b5f2849856915b0d8a1674) Importer(815301076,1909f56bfc062723c751e8b465ee728b)  -> (artifact id: '28120e37ae7d45f034ff5ce06855ce89') in 0.017563 seconds
  Import took 0.019841 seconds .

========================================================================
Received Import Request.
  Time since last request: 0.023923 seconds.
  path: Assets/Scenes/SampleScene.unity
  artifactKey: Guid(9fc0d4010bbf28b4594072e72b8655ab) Importer(815301076,1909f56bfc062723c751e8b465ee728b)
Start importing Assets/Scenes/SampleScene.unity using Guid(9fc0d4010bbf28b4594072e72b8655ab) Importer(815301076,1909f56bfc062723c751e8b465ee728b)  -> (artifact id: 'fe75d17dbac5bb7bb57dbeeb5cd5e52d') in 0.006900 seconds
  Import took 0.009231 seconds .

========================================================================
Received Import Request.
  Time since last request: 0.019460 seconds.
  path: Assets/SimpleInteriorsHouses/Models/Prop_Mirror.fbx
  artifactKey: Guid(03b3311b04024a947b43a42751cfc5ac) Importer(815301076,1909f56bfc062723c751e8b465ee728b)
Start importing Assets/SimpleInteriorsHouses/Models/Prop_Mirror.fbx using Guid(03b3311b04024a947b43a42751cfc5ac) Importer(815301076,1909f56bfc062723c751e8b465ee728b)  -> (artifact id: 'f72fc32e6e18685f1fe126ee141e0a06') in 0.017003 seconds
  Import took 0.019311 seconds .

========================================================================
Received Import Request.
  Time since last request: 0.024765 seconds.
  path: Assets/SimpleInteriorsHouses/Models/Prop_WallArt_01.fbx
  artifactKey: Guid(b28f9c8afc5ece44380cc70792875634) Importer(815301076,1909f56bfc062723c751e8b465ee728b)
Start importing Assets/SimpleInteriorsHouses/Models/Prop_WallArt_01.fbx using Guid(b28f9c8afc5ece44380cc70792875634) Importer(815301076,1909f56bfc062723c751e8b465ee728b)  -> (artifact id: 'a40fecc066af226065a3ba8992350766') in 0.017246 seconds
  Import took 0.019885 seconds .

========================================================================
Received Import Request.
  Time since last request: 0.008358 seconds.
  path: Assets/SimpleInteriorsHouses/Models/Prop_Wardrobe_02.fbx
  artifactKey: Guid(76318fa260b5d484a811e01cbf1de944) Importer(815301076,1909f56bfc062723c751e8b465ee728b)
Start importing Assets/SimpleInteriorsHouses/Models/Prop_Wardrobe_02.fbx using Guid(76318fa260b5d484a811e01cbf1de944) Importer(815301076,1909f56bfc062723c751e8b465ee728b)  -> (artifact id: 'e65e9c4d9464f0de20976c256e716ea0') in 0.019514 seconds
  Import took 0.021893 seconds .

========================================================================
Received Import Request.
  Time since last request: 0.004572 seconds.
  path: Assets/SimpleInteriorsHouses/Textures
  artifactKey: Guid(6d1cfe32625c0e841af36e1647e0a47c) Importer(815301076,1909f56bfc062723c751e8b465ee728b)
Start importing Assets/SimpleInteriorsHouses/Textures using Guid(6d1cfe32625c0e841af36e1647e0a47c) Importer(815301076,1909f56bfc062723c751e8b465ee728b)  -> (artifact id: '80042f6a12d3a7e1746024162a1116bc') in 0.002658 seconds
  Import took 0.005155 seconds .

========================================================================
Received Import Request.
  Time since last request: 0.017912 seconds.
  path: Assets/SimpleInteriorsHouses/Materials/SimpleInteriorsHouses.mat
  artifactKey: Guid(6a8a6da5881ed144e8c833df96287856) Importer(815301076,1909f56bfc062723c751e8b465ee728b)
Start importing Assets/SimpleInteriorsHouses/Materials/SimpleInteriorsHouses.mat using Guid(6a8a6da5881ed144e8c833df96287856) Importer(815301076,1909f56bfc062723c751e8b465ee728b)  -> (artifact id: 'd2142f0cc5f31ea93964d4dc10b36474') in 0.024848 seconds
  Import took 0.027162 seconds .

========================================================================
Received Import Request.
  Time since last request: 0.017547 seconds.
  path: Assets/SimpleInteriorsHouses/Models/Floor_Carpet_Blue.fbx
  artifactKey: Guid(364ea9282f8006b47bb8039acb98e3bd) Importer(815301076,1909f56bfc062723c751e8b465ee728b)
Start importing Assets/SimpleInteriorsHouses/Models/Floor_Carpet_Blue.fbx using Guid(364ea9282f8006b47bb8039acb98e3bd) Importer(815301076,1909f56bfc062723c751e8b465ee728b)  -> (artifact id: '0382adb7ea89671d349a5f75919a604a') in 0.016247 seconds
  Import took 0.018461 seconds .

========================================================================
Received Import Request.
  Time since last request: 0.004441 seconds.
  path: Assets/_Project/Models
  artifactKey: Guid(c6c977cbc86ae2946b9911ac2796ff38) Importer(815301076,1909f56bfc062723c751e8b465ee728b)
Start importing Assets/_Project/Models using Guid(c6c977cbc86ae2946b9911ac2796ff38) Importer(815301076,1909f56bfc062723c751e8b465ee728b)  -> (artifact id: '911aae03e18a48eee59c155326c89c8e') in 0.006422 seconds
  Import took 0.008665 seconds .

========================================================================
Received Import Request.
  Time since last request: 0.006090 seconds.
  path: Assets/SimpleInteriorsHouses/Models/Prop_Plant_03.fbx
  artifactKey: Guid(1168c3feb2e2ea0458fa5c2c95ecc4a3) Importer(815301076,1909f56bfc062723c751e8b465ee728b)
Start importing Assets/SimpleInteriorsHouses/Models/Prop_Plant_03.fbx using Guid(1168c3feb2e2ea0458fa5c2c95ecc4a3) Importer(815301076,1909f56bfc062723c751e8b465ee728b)  -> (artifact id: '58e0fdb9f90d1d77db615e1c450ad5c3') in 0.016252 seconds
  Import took 0.018562 seconds .

========================================================================
Received Import Request.
  Time since last request: 0.015860 seconds.
  path: Assets/JMO Assets/Cartoon FX/Materials/Water
  artifactKey: Guid(dd835c3708083ff4082b1f653370e38d) Importer(815301076,1909f56bfc062723c751e8b465ee728b)
Start importing Assets/JMO Assets/Cartoon FX/Materials/Water using Guid(dd835c3708083ff4082b1f653370e38d) Importer(815301076,1909f56bfc062723c751e8b465ee728b)  -> (artifact id: '59bac3d8f221013beef9832e8b6f40c5') in 0.006318 seconds
  Import took 0.008514 seconds .

========================================================================
Received Import Request.
  Time since last request: 0.005998 seconds.
  path: Assets/SimpleInteriorsHouses/Models/Wall_01_Yellow.fbx
  artifactKey: Guid(bba604e1f5e43cd47a55fbf130bf1709) Importer(815301076,1909f56bfc062723c751e8b465ee728b)
Start importing Assets/SimpleInteriorsHouses/Models/Wall_01_Yellow.fbx using Guid(bba604e1f5e43cd47a55fbf130bf1709) Importer(815301076,1909f56bfc062723c751e8b465ee728b)  -> (artifact id: '69451911b0ea4b85ec764670294c6c9d') in 0.016051 seconds
  Import took 0.018300 seconds .

========================================================================
Received Import Request.
  Time since last request: 0.016871 seconds.
  path: Assets/SimpleInteriorsHouses/Models/Prop_BunkBed_Blue.fbx
  artifactKey: Guid(c8be833ec60b8704c9d38ef534fd6d77) Importer(815301076,1909f56bfc062723c751e8b465ee728b)
Start importing Assets/SimpleInteriorsHouses/Models/Prop_BunkBed_Blue.fbx using Guid(c8be833ec60b8704c9d38ef534fd6d77) Importer(815301076,1909f56bfc062723c751e8b465ee728b)  -> (artifact id: 'a643461a45e3f062917ccef015d56b0a') in 0.017899 seconds
  Import took 0.020241 seconds .

========================================================================
Received Import Request.
  Time since last request: 0.007343 seconds.
  path: Assets/SimpleInteriorsHouses/Models/Prop_Lamp_06.fbx
  artifactKey: Guid(1c897010f67443f4586c659a18f67059) Importer(815301076,1909f56bfc062723c751e8b465ee728b)
Start importing Assets/SimpleInteriorsHouses/Models/Prop_Lamp_06.fbx using Guid(1c897010f67443f4586c659a18f67059) Importer(815301076,1909f56bfc062723c751e8b465ee728b)  -> (artifact id: '8dc2abb2cff653e9ffe83f233dc92b94') in 0.016130 seconds
  Import took 0.018332 seconds .

========================================================================
Received Import Request.
  Time since last request: 0.033930 seconds.
  path: Assets/JMO Assets
  artifactKey: Guid(6058083b84d614e40b83af5791963b8a) Importer(815301076,1909f56bfc062723c751e8b465ee728b)
Start importing Assets/JMO Assets using Guid(6058083b84d614e40b83af5791963b8a) Importer(815301076,1909f56bfc062723c751e8b465ee728b)  -> (artifact id: '5c51393aae68d97b042ca077fe9e5822') in 0.006738 seconds
  Import took 0.009368 seconds .

========================================================================
Received Import Request.
  Time since last request: 0.017055 seconds.
  path: Assets/SimpleInteriorsHouses/Models/Prop_Chest_01.fbx
  artifactKey: Guid(e6c8217286198a34b93587214d64416b) Importer(815301076,1909f56bfc062723c751e8b465ee728b)
Start importing Assets/SimpleInteriorsHouses/Models/Prop_Chest_01.fbx using Guid(e6c8217286198a34b93587214d64416b) Importer(815301076,1909f56bfc062723c751e8b465ee728b)  -> (artifact id: '0fd1312eaa54e817f15254410fc5d2ee') in 0.016691 seconds
  Import took 0.018942 seconds .

========================================================================
Received Import Request.
  Time since last request: 0.007117 seconds.
  path: Assets/_Project/Models/_Materials/Roomba.mat
  artifactKey: Guid(e515cb7d0c8163142b359d259c8f6390) Importer(815301076,1909f56bfc062723c751e8b465ee728b)
Start importing Assets/_Project/Models/_Materials/Roomba.mat using Guid(e515cb7d0c8163142b359d259c8f6390) Importer(815301076,1909f56bfc062723c751e8b465ee728b)  -> (artifact id: 'ab20f47d2318991073ce568d1a556965') in 0.011318 seconds
  Import took 0.013606 seconds .

========================================================================
Received Import Request.
  Time since last request: 0.004362 seconds.
  path: Assets/SimpleInteriorsHouses/Materials
  artifactKey: Guid(0d30d6e7d7618b84980e7300b840600d) Importer(815301076,1909f56bfc062723c751e8b465ee728b)
Start importing Assets/SimpleInteriorsHouses/Materials using Guid(0d30d6e7d7618b84980e7300b840600d) Importer(815301076,1909f56bfc062723c751e8b465ee728b)  -> (artifact id: '882fccae3768cae55dcdc1d86a1793c2') in 0.005993 seconds
  Import took 0.008275 seconds .

========================================================================
Received Import Request.
  Time since last request: 0.003913 seconds.
  path: Assets/JMO Assets/Cartoon FX/Materials/Misc
  artifactKey: Guid(bee467ec9a829f24b9cac72b149ac354) Importer(815301076,1909f56bfc062723c751e8b465ee728b)
Start importing Assets/JMO Assets/Cartoon FX/Materials/Misc using Guid(bee467ec9a829f24b9cac72b149ac354) Importer(815301076,1909f56bfc062723c751e8b465ee728b)  -> (artifact id: '7125b86fb8495e34266a00def4df7887') in 0.006903 seconds
  Import took 0.009140 seconds .

========================================================================
Received Import Request.
  Time since last request: 0.006265 seconds.
  path: Assets/SimpleInteriorsHouses/Models/Prop_SingleBed_Pink.fbx
  artifactKey: Guid(128899998abb5be4c9ca0a27db36f4a8) Importer(815301076,1909f56bfc062723c751e8b465ee728b)
Start importing Assets/SimpleInteriorsHouses/Models/Prop_SingleBed_Pink.fbx using Guid(128899998abb5be4c9ca0a27db36f4a8) Importer(815301076,1909f56bfc062723c751e8b465ee728b)  -> (artifact id: '07f2c576f6f549908e48bdd05d17e0c3') in 0.016918 seconds
  Import took 0.019150 seconds .

========================================================================
Received Import Request.
  Time since last request: 0.006994 seconds.
  path: Assets/_Project/Models/_Materials/Roomba 1.mat
  artifactKey: Guid(1e3677d4cf0fd954186b035c18f8bb0a) Importer(815301076,1909f56bfc062723c751e8b465ee728b)
Start importing Assets/_Project/Models/_Materials/Roomba 1.mat using Guid(1e3677d4cf0fd954186b035c18f8bb0a) Importer(815301076,1909f56bfc062723c751e8b465ee728b)  -> (artifact id: 'b51f31b7ad922f51d0d5b33624024707') in 0.012048 seconds
  Import took 0.014871 seconds .

========================================================================
Received Import Request.
  Time since last request: 0.008833 seconds.
  path: Assets/_Project/Scenes/MainScene.unity
  artifactKey: Guid(6f7086e1eafee499390e7643469a5016) Importer(815301076,1909f56bfc062723c751e8b465ee728b)
Start importing Assets/_Project/Scenes/MainScene.unity using Guid(6f7086e1eafee499390e7643469a5016) Importer(815301076,1909f56bfc062723c751e8b465ee728b)  -> (artifact id: '48e6790c682b17f55c7982a9c72bb9f6') in 0.006763 seconds
  Import took 0.009247 seconds .

========================================================================
Received Import Request.
  Time since last request: 0.006705 seconds.
  path: Assets/JMO Assets/Cartoon FX/Shaders/CFX3 Multiply Color.shader
  artifactKey: Guid(d09abe9036011f94a9e27ccc73cea0ac) Importer(815301076,1909f56bfc062723c751e8b465ee728b)
Start importing Assets/JMO Assets/Cartoon FX/Shaders/CFX3 Multiply Color.shader using Guid(d09abe9036011f94a9e27ccc73cea0ac) Importer(815301076,1909f56bfc062723c751e8b465ee728b)  -> (artifact id: '7bab799921a33ec3124888d7884a116c') in 0.008914 seconds
  Import took 0.011194 seconds .

========================================================================
Received Import Request.
  Time since last request: 0.024862 seconds.
  path: Assets/JMO Assets/Cartoon FX/Shaders
  artifactKey: Guid(b4257c0f2d035f24d96b7f7772e010d8) Importer(815301076,1909f56bfc062723c751e8b465ee728b)
Start importing Assets/JMO Assets/Cartoon FX/Shaders using Guid(b4257c0f2d035f24d96b7f7772e010d8) Importer(815301076,1909f56bfc062723c751e8b465ee728b)  -> (artifact id: '66e61eb4c44db3d54eae5eca3f4899e6') in 0.007395 seconds
  Import took 0.009770 seconds .

========================================================================
Received Import Request.
  Time since last request: 0.003940 seconds.
  path: Assets/SimpleInteriorsHouses
  artifactKey: Guid(cffedfbab2e48d84a9eb3fe106eac686) Importer(815301076,1909f56bfc062723c751e8b465ee728b)
Start importing Assets/SimpleInteriorsHouses using Guid(cffedfbab2e48d84a9eb3fe106eac686) Importer(815301076,1909f56bfc062723c751e8b465ee728b)  -> (artifact id: 'd01be501cbde509264bef2556facd2ad') in 0.003277 seconds
  Import took 0.005649 seconds .

========================================================================
Received Import Request.
  Time since last request: 0.006849 seconds.
  path: Assets/SimpleInteriorsHouses/Models/Wall_Window_01_Yellow.fbx
  artifactKey: Guid(6f6e02872b488764fb9e8ee4fae4f1f0) Importer(815301076,1909f56bfc062723c751e8b465ee728b)
Start importing Assets/SimpleInteriorsHouses/Models/Wall_Window_01_Yellow.fbx using Guid(6f6e02872b488764fb9e8ee4fae4f1f0) Importer(815301076,1909f56bfc062723c751e8b465ee728b)  -> (artifact id: '7c70bfe64ce108f07e743c3e0780aaf9') in 0.018433 seconds
  Import took 0.021044 seconds .

========================================================================
Received Import Request.
  Time since last request: 0.008882 seconds.
  path: Assets/SimpleInteriorsHouses/Models/Prop_Lamp_04.fbx
  artifactKey: Guid(cc21a62b6167086439593a36f1cf6b08) Importer(815301076,1909f56bfc062723c751e8b465ee728b)
Start importing Assets/SimpleInteriorsHouses/Models/Prop_Lamp_04.fbx using Guid(cc21a62b6167086439593a36f1cf6b08) Importer(815301076,1909f56bfc062723c751e8b465ee728b)  -> (artifact id: '9e538b57702adcbebafc0c74945791f4') in 0.016867 seconds
  Import took 0.019145 seconds .

========================================================================
Received Import Request.
  Time since last request: 0.007401 seconds.
  path: Assets/SimpleInteriorsHouses/Models/Prop_Rug_01.fbx
  artifactKey: Guid(eb741b9572108614fbb396b8eb2ffeab) Importer(815301076,1909f56bfc062723c751e8b465ee728b)
Start importing Assets/SimpleInteriorsHouses/Models/Prop_Rug_01.fbx using Guid(eb741b9572108614fbb396b8eb2ffeab) Importer(815301076,1909f56bfc062723c751e8b465ee728b)  -> (artifact id: 'af33d5250ac5866f267e7b033576a6d8') in 0.016935 seconds
  Import took 0.019312 seconds .

========================================================================
Received Import Request.
  Time since last request: 0.005357 seconds.
  path: Assets/SimpleInteriorsHouses/Models
  artifactKey: Guid(ee96b9465b8396644b8196937a4d142a) Importer(815301076,1909f56bfc062723c751e8b465ee728b)
Start importing Assets/SimpleInteriorsHouses/Models using Guid(ee96b9465b8396644b8196937a4d142a) Importer(815301076,1909f56bfc062723c751e8b465ee728b)  -> (artifact id: '72431581c2965ab74110b826e0638ade') in 0.003311 seconds
  Import took 0.006099 seconds .

========================================================================
Received Import Request.
  Time since last request: 0.006672 seconds.
  path: Assets/_Project/Models/_Materials/GarbageBlack.mat
  artifactKey: Guid(4f4d2d631f5854aa8b5bad962da28761) Importer(815301076,1909f56bfc062723c751e8b465ee728b)
Start importing Assets/_Project/Models/_Materials/GarbageBlack.mat using Guid(4f4d2d631f5854aa8b5bad962da28761) Importer(815301076,1909f56bfc062723c751e8b465ee728b)  -> (artifact id: '8c9350b6df139d0b667b81aceb20139d') in 0.015289 seconds
  Import took 0.018426 seconds .

========================================================================
Received Import Request.
  Time since last request: 0.020885 seconds.
  path: Assets/_Project/Scripts/FollowLine.cs
  artifactKey: Guid(f0bee7022150e3542872bd5b12d3994c) Importer(815301076,1909f56bfc062723c751e8b465ee728b)
Start importing Assets/_Project/Scripts/FollowLine.cs using Guid(f0bee7022150e3542872bd5b12d3994c) Importer(815301076,1909f56bfc062723c751e8b465ee728b)  -> (artifact id: 'f50d8deae90d2a99b75ecd29ad217f9e') in 0.006914 seconds
  Import took 0.009679 seconds .

========================================================================
Received Import Request.
  Time since last request: 0.006808 seconds.
  path: Assets/SimpleInteriorsHouses/Models/Prop_Cupboard_07.fbx
  artifactKey: Guid(40edce7e3011b4449993994346fbeb63) Importer(815301076,1909f56bfc062723c751e8b465ee728b)
Start importing Assets/SimpleInteriorsHouses/Models/Prop_Cupboard_07.fbx using Guid(40edce7e3011b4449993994346fbeb63) Importer(815301076,1909f56bfc062723c751e8b465ee728b)  -> (artifact id: '2aa582992017f6bb2811da6b11f89a6b') in 0.019547 seconds
  Import took 0.022196 seconds .

========================================================================
Received Import Request.
  Time since last request: 0.008107 seconds.
  path: Assets/_Project/Scripts/DrawLines.cs
  artifactKey: Guid(d356613e182ac1c49b338d43ec0d3130) Importer(815301076,1909f56bfc062723c751e8b465ee728b)
Start importing Assets/_Project/Scripts/DrawLines.cs using Guid(d356613e182ac1c49b338d43ec0d3130) Importer(815301076,1909f56bfc062723c751e8b465ee728b)  -> (artifact id: 'f371f0ee7a0cdd9af3edd50458b474de') in 0.006632 seconds
  Import took 0.009023 seconds .

========================================================================
Received Import Request.
  Time since last request: 0.020525 seconds.
  path: Assets/SimpleInteriorsHouses/Models/Window.fbx
  artifactKey: Guid(216a554c5ad06d54389e3224720d71ad) Importer(815301076,1909f56bfc062723c751e8b465ee728b)
Start importing Assets/SimpleInteriorsHouses/Models/Window.fbx using Guid(216a554c5ad06d54389e3224720d71ad) Importer(815301076,1909f56bfc062723c751e8b465ee728b)  -> (artifact id: '3c48ba5ed79424db619afc3d27ea9291') in 0.020422 seconds
  Import took 0.023789 seconds .

========================================================================
Received Import Request.
  Time since last request: 0.017784 seconds.
  path: Assets/JMO Assets/Cartoon FX/Materials/Light
  artifactKey: Guid(1e70e09e45a87ea4c81b030cb1038418) Importer(815301076,1909f56bfc062723c751e8b465ee728b)
Start importing Assets/JMO Assets/Cartoon FX/Materials/Light using Guid(1e70e09e45a87ea4c81b030cb1038418) Importer(815301076,1909f56bfc062723c751e8b465ee728b)  -> (artifact id: 'a2b8071fa41f23aaece165e8c8d45b7a') in 0.008475 seconds
  Import took 0.011467 seconds .

========================================================================
Received Import Request.
  Time since last request: 0.004209 seconds.
  path: Assets/JMO Assets/Cartoon FX/Materials/Stretched
  artifactKey: Guid(25b762f9b83fb034ca06d214354eb099) Importer(815301076,1909f56bfc062723c751e8b465ee728b)
Start importing Assets/JMO Assets/Cartoon FX/Materials/Stretched using Guid(25b762f9b83fb034ca06d214354eb099) Importer(815301076,1909f56bfc062723c751e8b465ee728b)  -> (artifact id: '38ad7f24a43c357bec59d524fab6efbd') in 0.008871 seconds
  Import took 0.011334 seconds .

========================================================================
Received Import Request.
  Time since last request: 0.007034 seconds.
  path: Assets/SimpleInteriorsHouses/Textures/SimpleInteriorsHouses.png
  artifactKey: Guid(b0c9dbb7ead2f7c48a7afb8b400d7e3d) Importer(815301076,1909f56bfc062723c751e8b465ee728b)
Start importing Assets/SimpleInteriorsHouses/Textures/SimpleInteriorsHouses.png using Guid(b0c9dbb7ead2f7c48a7afb8b400d7e3d) Importer(815301076,1909f56bfc062723c751e8b465ee728b)  -> (artifact id: '88c227d3504b3328d0762a807b638d68') in 0.014887 seconds
  Import took 0.017694 seconds .

========================================================================
Received Import Request.
  Time since last request: 0.007657 seconds.
  path: Assets/_Project/Models/_Materials/Roomba 2.mat
  artifactKey: Guid(1031d6b912d3fc74dae4cf85060dcbfa) Importer(815301076,1909f56bfc062723c751e8b465ee728b)
Start importing Assets/_Project/Models/_Materials/Roomba 2.mat using Guid(1031d6b912d3fc74dae4cf85060dcbfa) Importer(815301076,1909f56bfc062723c751e8b465ee728b)  -> (artifact id: '744b3298321e1c630d35eaa591731116') in 0.013266 seconds
  Import took 0.015781 seconds .

========================================================================
Received Import Request.
  Time since last request: 0.007445 seconds.
  path: Assets/_Project/Scripts/StopGame.cs
  artifactKey: Guid(7686315dfc7c7ee4381ecea401e31398) Importer(815301076,1909f56bfc062723c751e8b465ee728b)
Start importing Assets/_Project/Scripts/StopGame.cs using Guid(7686315dfc7c7ee4381ecea401e31398) Importer(815301076,1909f56bfc062723c751e8b465ee728b)  -> (artifact id: 'd37749f3e9013651de3e57836e619382') in 0.007054 seconds
  Import took 0.009527 seconds .

AssetImportWorkerClient::OnTransportError - code=2 error=End of file
